
-----
Test: tests/test_google_maps_api.py::Test_create_place::test_create_new_place (call)
Time: 2023-07-12 13:15:34.083622
Request method: POST
Request URL: https://rahulshettyacademy.com/maps/api/place/add/json?key=qaclick123

Response code: 200
Response text: {"status":"OK","place_id":"cf5cecd7a3c70c2bb44180f7c05aed42","scope":"APP","reference":"daac051bd8557acedcd7cdf117f5da3ddaac051bd8557acedcd7cdf117f5da3d","id":"daac051bd8557acedcd7cdf117f5da3d"}
Response headers: {'Date': 'Wed, 12 Jul 2023 10:15:35 GMT', 'Server': 'Apache/2.4.52 (Ubuntu)', 'Access-Control-Allow-Origin': '*', 'Access-Control-Allow-Methods': 'POST', 'Access-Control-Max-Age': '3600', 'Access-Control-Allow-Headers': 'Content-Type, Access-Control-Allow-Headers, Authorization, X-Requested-With', 'Content-Length': '194', 'Keep-Alive': 'timeout=5, max=100', 'Connection': 'Keep-Alive', 'Content-Type': 'application/json;charset=UTF-8'}
Response cookies: {}

-----

-----
Test: tests/test_google_maps_api.py::Test_create_place::test_create_new_place (call)
Time: 2023-07-12 13:15:34.773677
Request method: GET
Request URL: https://rahulshettyacademy.com/maps/api/place/get/json?key=qaclick123&place_id=cf5cecd7a3c70c2bb44180f7c05aed42

Response code: 200
Response text: {"location":{"latitude":"-38.383494","longitude":"33.427362"},"accuracy":"50","name":"Super Frontline house","phone_number":"34324 (+91) 983 893 3937","address":"32, Lenina street","types":"shoe park,shop","website":"http:\/\/google.com","language":"French-IN"}
Response headers: {'Date': 'Wed, 12 Jul 2023 10:15:36 GMT', 'Server': 'Apache/2.4.52 (Ubuntu)', 'Access-Control-Allow-Origin': '*', 'Access-Control-Allow-Methods': 'POST', 'Access-Control-Max-Age': '3600', 'Access-Control-Allow-Headers': 'Content-Type, Access-Control-Allow-Headers, Authorization, X-Requested-With', 'Content-Length': '261', 'Keep-Alive': 'timeout=5, max=100', 'Connection': 'Keep-Alive', 'Content-Type': 'application/json;charset=UTF-8'}
Response cookies: {}

-----

-----
Test: tests/test_google_maps_api.py::Test_create_place::test_create_new_place (call)
Time: 2023-07-12 13:15:35.453894
Request method: PUT
Request URL: https://rahulshettyacademy.com/maps/api/place/update/json?key=qaclick123

Response code: 200
Response text: {"msg":"Address successfully updated"}
Response headers: {'Date': 'Wed, 12 Jul 2023 10:15:36 GMT', 'Server': 'Apache/2.4.52 (Ubuntu)', 'Access-Control-Allow-Origin': '*', 'Access-Control-Allow-Methods': 'POST', 'Access-Control-Max-Age': '3600', 'Access-Control-Allow-Headers': 'Content-Type, Access-Control-Allow-Headers, Authorization, X-Requested-With', 'Content-Length': '38', 'Keep-Alive': 'timeout=5, max=100', 'Connection': 'Keep-Alive', 'Content-Type': 'application/json;charset=UTF-8'}
Response cookies: {}

-----

-----
Test: tests/test_google_maps_api.py::Test_create_place::test_create_new_place (call)
Time: 2023-07-12 13:15:36.223955
Request method: GET
Request URL: https://rahulshettyacademy.com/maps/api/place/get/json?key=qaclick123&place_id=cf5cecd7a3c70c2bb44180f7c05aed42

Response code: 200
Response text: {"location":{"latitude":"-38.383494","longitude":"33.427362"},"accuracy":"50","name":"Super Frontline house","phone_number":"34324 (+91) 983 893 3937","address":"100 Lenina street, RU","types":"shoe park,shop","website":"http:\/\/google.com","language":"French-IN"}
Response headers: {'Date': 'Wed, 12 Jul 2023 10:15:37 GMT', 'Server': 'Apache/2.4.52 (Ubuntu)', 'Access-Control-Allow-Origin': '*', 'Access-Control-Allow-Methods': 'POST', 'Access-Control-Max-Age': '3600', 'Access-Control-Allow-Headers': 'Content-Type, Access-Control-Allow-Headers, Authorization, X-Requested-With', 'Content-Length': '265', 'Keep-Alive': 'timeout=5, max=100', 'Connection': 'Keep-Alive', 'Content-Type': 'application/json;charset=UTF-8'}
Response cookies: {}

-----

-----
Test: tests/test_google_maps_api.py::Test_create_place::test_create_new_place (call)
Time: 2023-07-12 13:15:36.853665
Request method: DELETE
Request URL: https://rahulshettyacademy.com/maps/api/place/delete/json?key=qaclick123

Response code: 200
Response text: {"status":"OK"}
Response headers: {'Date': 'Wed, 12 Jul 2023 10:15:38 GMT', 'Server': 'Apache/2.4.52 (Ubuntu)', 'Access-Control-Allow-Origin': '*', 'Access-Control-Allow-Methods': 'POST', 'Access-Control-Max-Age': '3600', 'Access-Control-Allow-Headers': 'Content-Type, Access-Control-Allow-Headers, Authorization, X-Requested-With', 'Content-Length': '15', 'Keep-Alive': 'timeout=5, max=100', 'Connection': 'Keep-Alive', 'Content-Type': 'application/json;charset=UTF-8'}
Response cookies: {}

-----

-----
Test: tests/test_google_maps_api.py::Test_create_place::test_create_new_place (call)
Time: 2023-07-12 13:15:37.553885
Request method: GET
Request URL: https://rahulshettyacademy.com/maps/api/place/get/json?key=qaclick123&place_id=cf5cecd7a3c70c2bb44180f7c05aed42

Response code: 404
Response text: {"msg":"Get operation failed, looks like place_id  doesn't exists"}
Response headers: {'Date': 'Wed, 12 Jul 2023 10:15:38 GMT', 'Server': 'Apache/2.4.52 (Ubuntu)', 'Access-Control-Allow-Origin': '*', 'Access-Control-Allow-Methods': 'POST', 'Access-Control-Max-Age': '3600', 'Access-Control-Allow-Headers': 'Content-Type, Access-Control-Allow-Headers, Authorization, X-Requested-With', 'Content-Length': '67', 'Keep-Alive': 'timeout=5, max=100', 'Connection': 'Keep-Alive', 'Content-Type': 'application/json;charset=UTF-8'}
Response cookies: {}

-----
